# JRE version: OpenJDK Runtime Environment (8.0_202-b03) (build 1.8.0_202-release-1483-b03)
# Java VM: OpenJDK 64-Bit Server VM (25.202-b03 mixed mode windows-amd64 compressed oops)
Heap:
 PSYoungGen      total 207872K, used 93001K [0x00000000e0000000, 0x00000000ef300000, 0x0000000100000000)
  eden space 187904K, 38% used [0x00000000e0000000,0x00000000e4757038,0x00000000eb780000)
  from space 19968K, 99% used [0x00000000ecc00000,0x00000000edf7b480,0x00000000edf80000)
  to   space 14336K, 0% used [0x00000000ee500000,0x00000000ee500000,0x00000000ef300000)
 ParOldGen       total 220672K, used 67018K [0x00000000a0000000, 0x00000000ad780000, 0x00000000e0000000)
  object space 220672K, 30% used [0x00000000a0000000,0x00000000a41729e8,0x00000000ad780000)
 Metaspace       used 73997K, capacity 76308K, committed 76568K, reserved 1116160K
  class space    used 9681K, capacity 10197K, committed 10280K, reserved 1048576K
GC Heap History (10 events):
Event: 16.591 GC heap before
{Heap before GC invocations=10 (full 2):
 PSYoungGen      total 124928K, used 124921K [0x00000000e0000000, 0x00000000ebe80000, 0x0000000100000000)
  eden space 112128K, 100% used [0x00000000e0000000,0x00000000e6d80000,0x00000000e6d80000)
  from space 12800K, 99% used [0x00000000e6d80000,0x00000000e79fe4c8,0x00000000e7a00000)
  to   space 15360K, 0% used [0x00000000eaf80000,0x00000000eaf80000,0x00000000ebe80000)
 ParOldGen       total 150016K, used 19036K [0x00000000a0000000, 0x00000000a9280000, 0x00000000e0000000)
  object space 150016K, 12% used [0x00000000a0000000,0x00000000a12971f8,0x00000000a9280000)
 Metaspace       used 55310K, capacity 56740K, committed 56872K, reserved 1097728K
  class space    used 7508K, capacity 7911K, committed 7976K, reserved 1048576K
Event: 16.611 GC heap after
Heap after GC invocations=10 (full 2):
 PSYoungGen      total 176128K, used 15356K [0x00000000e0000000, 0x00000000ecc80000, 0x0000000100000000)
  eden space 160768K, 0% used [0x00000000e0000000,0x00000000e0000000,0x00000000e9d00000)
  from space 15360K, 99% used [0x00000000eaf80000,0x00000000ebe7f0e0,0x00000000ebe80000)
  to   space 18944K, 0% used [0x00000000e9d00000,0x00000000e9d00000,0x00000000eaf80000)
 ParOldGen       total 150016K, used 23487K [0x00000000a0000000, 0x00000000a9280000, 0x00000000e0000000)
  object space 150016K, 15% used [0x00000000a0000000,0x00000000a16efd48,0x00000000a9280000)
 Metaspace       used 55310K, capacity 56740K, committed 56872K, reserved 1097728K
  class space    used 7508K, capacity 7911K, committed 7976K, reserved 1048576K
}
Event: 17.590 GC heap before
{Heap before GC invocations=11 (full 2):
 PSYoungGen      total 176128K, used 54516K [0x00000000e0000000, 0x00000000ecc80000, 0x0000000100000000)
  eden space 160768K, 24% used [0x00000000e0000000,0x00000000e263e2d0,0x00000000e9d00000)
  from space 15360K, 99% used [0x00000000eaf80000,0x00000000ebe7f0e0,0x00000000ebe80000)
  to   space 18944K, 0% used [0x00000000e9d00000,0x00000000e9d00000,0x00000000eaf80000)
 ParOldGen       total 150016K, used 23487K [0x00000000a0000000, 0x00000000a9280000, 0x00000000e0000000)
  object space 150016K, 15% used [0x00000000a0000000,0x00000000a16efd48,0x00000000a9280000)
 Metaspace       used 57529K, capacity 59122K, committed 59160K, reserved 1099776K
  class space    used 7799K, capacity 8194K, committed 8232K, reserved 1048576K
Event: 17.605 GC heap after
Heap after GC invocations=11 (full 2):
 PSYoungGen      total 179712K, used 15715K [0x00000000e0000000, 0x00000000ef880000, 0x0000000100000000)
  eden space 160768K, 0% used [0x00000000e0000000,0x00000000e0000000,0x00000000e9d00000)
  from space 18944K, 82% used [0x00000000e9d00000,0x00000000eac58c88,0x00000000eaf80000)
  to   space 19968K, 0% used [0x00000000ee500000,0x00000000ee500000,0x00000000ef880000)
 ParOldGen       total 150016K, used 23495K [0x00000000a0000000, 0x00000000a9280000, 0x00000000e0000000)
  object space 150016K, 15% used [0x00000000a0000000,0x00000000a16f1d48,0x00000000a9280000)
 Metaspace       used 57529K, capacity 59122K, committed 59160K, reserved 1099776K
  class space    used 7799K, capacity 8194K, committed 8232K, reserved 1048576K
}
Event: 17.605 GC heap before
{Heap before GC invocations=12 (full 3):
 PSYoungGen      total 179712K, used 15715K [0x00000000e0000000, 0x00000000ef880000, 0x0000000100000000)
  eden space 160768K, 0% used [0x00000000e0000000,0x00000000e0000000,0x00000000e9d00000)
  from space 18944K, 82% used [0x00000000e9d00000,0x00000000eac58c88,0x00000000eaf80000)
  to   space 19968K, 0% used [0x00000000ee500000,0x00000000ee500000,0x00000000ef880000)
 ParOldGen       total 150016K, used 23495K [0x00000000a0000000, 0x00000000a9280000, 0x00000000e0000000)
  object space 150016K, 15% used [0x00000000a0000000,0x00000000a16f1d48,0x00000000a9280000)
 Metaspace       used 57529K, capacity 59122K, committed 59160K, reserved 1099776K
  class space    used 7799K, capacity 8194K, committed 8232K, reserved 1048576K
Event: 17.808 GC heap after
Heap after GC invocations=12 (full 3):
 PSYoungGen      total 179712K, used 0K [0x00000000e0000000, 0x00000000ef880000, 0x0000000100000000)
  eden space 160768K, 0% used [0x00000000e0000000,0x00000000e0000000,0x00000000e9d00000)
  from space 18944K, 0% used [0x00000000e9d00000,0x00000000e9d00000,0x00000000eaf80000)
  to   space 19968K, 0% used [0x00000000ee500000,0x00000000ee500000,0x00000000ef880000)
 ParOldGen       total 220672K, used 29944K [0x00000000a0000000, 0x00000000ad780000, 0x00000000e0000000)
  object space 220672K, 13% used [0x00000000a0000000,0x00000000a1d3e340,0x00000000ad780000)
 Metaspace       used 57529K, capacity 59122K, committed 59160K, reserved 1099776K
  class space    used 7799K, capacity 8194K, committed 8232K, reserved 1048576K
}
Event: 20.917 GC heap before
{Heap before GC invocations=13 (full 3):
 PSYoungGen      total 179712K, used 160768K [0x00000000e0000000, 0x00000000ef880000, 0x0000000100000000)
  eden space 160768K, 100% used [0x00000000e0000000,0x00000000e9d00000,0x00000000e9d00000)
  from space 18944K, 0% used [0x00000000e9d00000,0x00000000e9d00000,0x00000000eaf80000)
  to   space 19968K, 0% used [0x00000000ee500000,0x00000000ee500000,0x00000000ef880000)
 ParOldGen       total 220672K, used 29944K [0x00000000a0000000, 0x00000000ad780000, 0x00000000e0000000)
  object space 220672K, 13% used [0x00000000a0000000,0x00000000a1d3e340,0x00000000ad780000)
 Metaspace       used 62645K, capacity 64898K, committed 65176K, reserved 1105920K
  class space    used 8536K, capacity 9042K, committed 9128K, reserved 1048576K
Event: 20.935 GC heap after
Heap after GC invocations=13 (full 3):
 PSYoungGen      total 202240K, used 14087K [0x00000000e0000000, 0x00000000ef300000, 0x0000000100000000)
  eden space 187904K, 0% used [0x00000000e0000000,0x00000000e0000000,0x00000000eb780000)
  from space 14336K, 98% used [0x00000000ee500000,0x00000000ef2c1d30,0x00000000ef300000)
  to   space 19968K, 0% used [0x00000000ecc00000,0x00000000ecc00000,0x00000000edf80000)
 ParOldGen       total 220672K, used 29952K [0x00000000a0000000, 0x00000000ad780000, 0x00000000e0000000)
  object space 220672K, 13% used [0x00000000a0000000,0x00000000a1d40340,0x00000000ad780000)
 Metaspace       used 62645K, capacity 64898K, committed 65176K, reserved 1105920K
  class space    used 8536K, capacity 9042K, committed 9128K, reserved 1048576K
}
Event: 26.654 GC heap before
{Heap before GC invocations=14 (full 3):
 PSYoungGen      total 202240K, used 201991K [0x00000000e0000000, 0x00000000ef300000, 0x0000000100000000)
  eden space 187904K, 100% used [0x00000000e0000000,0x00000000eb780000,0x00000000eb780000)
  from space 14336K, 98% used [0x00000000ee500000,0x00000000ef2c1d30,0x00000000ef300000)
  to   space 19968K, 0% used [0x00000000ecc00000,0x00000000ecc00000,0x00000000edf80000)
 ParOldGen       total 220672K, used 29952K [0x00000000a0000000, 0x00000000ad780000, 0x00000000e0000000)
  object space 220672K, 13% used [0x00000000a0000000,0x00000000a1d40340,0x00000000ad780000)
 Metaspace       used 72867K, capacity 75156K, committed 75416K, reserved 1114112K
  class space    used 9613K, capacity 10133K, committed 10152K, reserved 1048576K
Event: 26.688 GC heap after
Heap after GC invocations=14 (full 3):
 PSYoungGen      total 207872K, used 19949K [0x00000000e0000000, 0x00000000ef300000, 0x0000000100000000)
  eden space 187904K, 0% used [0x00000000e0000000,0x00000000e0000000,0x00000000eb780000)
  from space 19968K, 99% used [0x00000000ecc00000,0x00000000edf7b480,0x00000000edf80000)
  to   space 14336K, 0% used [0x00000000ee500000,0x00000000ee500000,0x00000000ef300000)
 ParOldGen       total 220672K, used 67018K [0x00000000a0000000, 0x00000000ad780000, 0x00000000e0000000)
  object space 220672K, 30% used [0x00000000a0000000,0x00000000a41729e8,0x00000000ad780000)
 Metaspace       used 72867K, capacity 75156K, committed 75416K, reserved 1114112K
  class space    used 9613K, capacity 10133K, committed 10152K, reserved 1048576K
}

